#
# A fatal error has been detected by the Java Runtime Environment:
#
#  EXCEPTION_ACCESS_VIOLATION (0xc0000005) at pc=0x000000005b3782c9, pid=2228, tid=5028
#
# JRE version: Java(TM) SE Runtime Environment (8.0_45-b15) (build 1.8.0_45-b15)
# Java VM: Java HotSpot(TM) 64-Bit Server VM (25.45-b02 mixed mode windows-amd64 compressed oops)
# Problematic frame:
# V  [jvm.dll+0x1282c9]
#
# Failed to write core dump. Minidumps are not enabled by default on client versions of Windows
#
# If you would like to submit a bug report, please visit:
#   http://bugreport.java.com/bugreport/crash.jsp
#

---------------  T H R E A D  ---------------

Current thread (0x00000000565a9000):  JavaThread "JDWP Transport Listener: dt_socket" daemon [_thread_in_vm, id=5028, stack(0x0000000057470000,0x0000000057570000)]

siginfo: ExceptionCode=0xc0000005, reading address 0x0000006e06451e11

Registers:
RAX=0x000000005756f201, RBX=0x00000000ec187598, RCX=0x00000000ec187598, RDX=0x0000006e06451e01
RSP=0x000000005756f260, RBP=0x0000000057d709b8, RSI=0x000000005756f378, RDI=0x000000000211f640
R8 =0x00000000565a9000, R9 =0x000000000000ff00, R10=0x0000000000000000, R11=0x0000195701640031
R12=0x0000000000000000, R13=0x00000000565af3c8, R14=0x0000000000000000, R15=0x0000000000000000
RIP=0x000000005b3782c9, EFLAGS=0x0000000000010202

Top of Stack: (sp=0x000000005756f260)
0x000000005756f260:   00000000565a9000 0000000057d79f50
0x000000005756f270:   000000005756f328 000000005b57c7db
0x000000005756f280:   00000000565a9000 000000005b59903d
0x000000005756f290:   0000000000000000 000000006dab9155
0x000000005756f2a0:   00000000568fc1d0 000000006dac291e
0x000000005756f2b0:   00000000565a9000 0000000000000000
0x000000005756f2c0:   0000000000000000 0000000000000000
0x000000005756f2d0:   0000000057d709b8 000000006dac1a15
0x000000005756f2e0:   000000005756f378 000000005756f350
0x000000005756f2f0:   0000000000000001 00000000568fc1d0
0x000000005756f300:   0000000057d709b8 000000006daa53b3
0x000000005756f310:   000000005756f440 0000000000000001
0x000000005756f320:   0000000000000001 00000000568fc1d0
0x000000005756f330:   00000000f000100a 0000000000000000
0x000000005756f340:   0000000000000000 0000000000000000
0x000000005756f350:   0000000000000001 000000006daa5571 

Instructions: (pc=0x000000005b3782c9)
0x000000005b3782a9:   33 c0 48 83 c4 28 c3 48 89 5c 24 20 48 8b 19 48
0x000000005b3782b9:   85 db 74 20 48 83 fb 37 74 1a 48 8b 13 48 8b cb
0x000000005b3782c9:   ff 52 10 84 c0 74 0d 48 8b c3 48 8b 5c 24 20 48
0x000000005b3782d9:   83 c4 28 c3 33 c0 48 8b 5c 24 20 48 83 c4 28 c3 


Register to memory mapping:

RAX=0x000000005756f201 is pointing into the stack for thread: 0x00000000565a9000
RBX=0x00000000ec187598 is an oop
java.lang.Class 
 - klass: 'java/lang/Class'
RCX=0x00000000ec187598 is an oop
java.lang.Class 
 - klass: 'java/lang/Class'
RDX=0x0000006e06451e01 is an unknown value
RSP=0x000000005756f260 is pointing into the stack for thread: 0x00000000565a9000
RBP=0x0000000057d709b8 is an unknown value
RSI=0x000000005756f378 is pointing into the stack for thread: 0x00000000565a9000
RDI=0x000000000211f640 is an unknown value
R8 =0x00000000565a9000 is a thread
R9 =0x000000000000ff00 is an unknown value
R10=0x0000000000000000 is an unknown value
R11=0x0000195701640031 is an unknown value
R12=0x0000000000000000 is an unknown value
R13=0x00000000565af3c8 is an unknown value
R14=0x0000000000000000 is an unknown value
R15=0x0000000000000000 is an unknown value


Stack: [0x0000000057470000,0x0000000057570000],  sp=0x000000005756f260,  free space=1020k
Native frames: (J=compiled Java code, j=interpreted, Vv=VM code, C=native code)
V  [jvm.dll+0x1282c9]
V  [jvm.dll+0x34903d]
C  [jdwp.dll+0x21a15]
C  [jdwp.dll+0x53b3]
C  [jdwp.dll+0x5571]
C  [jdwp.dll+0xf0a8]
C  [jdwp.dll+0x1f2d5]
C  [jdwp.dll+0x1f4aa]
V  [jvm.dll+0x1bae98]
V  [jvm.dll+0x241984]
V  [jvm.dll+0x29853a]
C  [msvcr100.dll+0x21d9f]
C  [msvcr100.dll+0x21e3b]
C  [kernel32.dll+0x159cd]
C  [ntdll.dll+0x5383d]


---------------  P R O C E S S  ---------------

Java Threads: ( => current thread )
  0x0000000056640800 JavaThread "Service Thread" daemon [_thread_blocked, id=6180, stack(0x0000000057980000,0x0000000057a80000)]
  0x00000000565d6800 JavaThread "C1 CompilerThread2" daemon [_thread_blocked, id=8200, stack(0x00000000576c0000,0x00000000577c0000)]
  0x00000000565c9800 JavaThread "C2 CompilerThread1" daemon [_thread_blocked, id=9060, stack(0x0000000057860000,0x0000000057960000)]
  0x00000000565c7800 JavaThread "C2 CompilerThread0" daemon [_thread_blocked, id=6492, stack(0x0000000056300000,0x0000000056400000)]
  0x00000000565b4000 JavaThread "JDWP Command Reader" daemon [_thread_in_native, id=2112, stack(0x0000000057320000,0x0000000057420000)]
  0x00000000565b3000 JavaThread "JDWP Event Helper Thread" daemon [_thread_blocked, id=7224, stack(0x0000000057590000,0x0000000057690000)]
=>0x00000000565a9000 JavaThread "JDWP Transport Listener: dt_socket" daemon [_thread_in_vm, id=5028, stack(0x0000000057470000,0x0000000057570000)]
  0x00000000550ae000 JavaThread "Attach Listener" daemon [_thread_blocked, id=4920, stack(0x0000000056be0000,0x0000000056ce0000)]
  0x00000000550ab800 JavaThread "Signal Dispatcher" daemon [_thread_blocked, id=3128, stack(0x0000000056a60000,0x0000000056b60000)]
  0x0000000055047000 JavaThread "Finalizer" daemon [_thread_blocked, id=4500, stack(0x00000000564a0000,0x00000000565a0000)]
  0x0000000055045800 JavaThread "Reference Handler" daemon [_thread_blocked, id=5744, stack(0x00000000561f0000,0x00000000562f0000)]
  0x000000000215d000 JavaThread "main" [_thread_blocked, id=5384, stack(0x0000000002400000,0x0000000002500000)]

Other Threads:
  0x0000000055040000 VMThread [stack: 0x0000000056080000,0x0000000056180000] [id=6868]
  0x0000000056641800 WatcherThread [stack: 0x0000000057ad0000,0x0000000057bd0000] [id=7092]

VM state:not at safepoint (normal execution)

VM Mutex/Monitor currently owned by a thread: None

Heap:
 PSYoungGen      total 18432K, used 7735K [0x00000000ebb80000, 0x00000000ed000000, 0x0000000100000000)
  eden space 15872K, 48% used [0x00000000ebb80000,0x00000000ec30ddd0,0x00000000ecb00000)
  from space 2560K, 0% used [0x00000000ecd80000,0x00000000ecd80000,0x00000000ed000000)
  to   space 2560K, 0% used [0x00000000ecb00000,0x00000000ecb00000,0x00000000ecd80000)
 ParOldGen       total 42496K, used 0K [0x00000000c3200000, 0x00000000c5b80000, 0x00000000ebb80000)
  object space 42496K, 0% used [0x00000000c3200000,0x00000000c3200000,0x00000000c5b80000)
 Metaspace       used 5786K, capacity 5944K, committed 6144K, reserved 1056768K
  class space    used 638K, capacity 712K, committed 768K, reserved 1048576K

Card table byte_map: [0x0000000011b90000,0x0000000011d80000] byte_map_base: 0x0000000011577000

Marking Bits: (ParMarkBitMap*) 0x000000005ba54040
 Begin Bits: [0x0000000012650000, 0x0000000013588000)
 End Bits:   [0x0000000013588000, 0x00000000144c0000)

Polling page: 0x0000000001b70000

CodeCache: size=245760Kb used=1649Kb max_used=1661Kb free=244110Kb
 bounds [0x00000000027d0000, 0x0000000002a40000, 0x00000000117d0000]
 total_blobs=557 nmethods=281 adapters=198
 compilation: enabled

Compilation events (10 events):
Event: 2.738 Thread 0x00000000565d6800  230   !   3       java.net.URL::<init> (543 bytes)
Event: 2.743 Thread 0x00000000565d6800 nmethod 230 0x000000000295d550 code [0x000000000295da80, 0x00000000029626e8]
Event: 2.743 Thread 0x00000000565d6800  229       3       java.net.URL::<init> (8 bytes)
Event: 2.743 Thread 0x00000000565d6800 nmethod 229 0x0000000002964d50 code [0x0000000002964ec0, 0x0000000002965068]
Event: 2.743 Thread 0x00000000565d6800  231       3       sun.util.calendar.ZoneInfo::getTransitionIndex (156 bytes)
Event: 2.744 Thread 0x00000000565d6800 nmethod 231 0x0000000002965110 code [0x00000000029652a0, 0x0000000002965770]
Event: 2.745 Thread 0x00000000565c9800  232       4       java.lang.Math::min (11 bytes)
Event: 2.746 Thread 0x00000000565c9800 nmethod 232 0x0000000002956990 code [0x0000000002956ac0, 0x0000000002956b18]
Event: 331.908 Thread 0x00000000565c9800  281       4       java.lang.String::<init> (62 bytes)
Event: 331.913 Thread 0x00000000565c9800 nmethod 281 0x000000000296f490 code [0x000000000296f5e0, 0x000000000296f8b8]

GC Heap History (0 events):
No events

Deoptimization events (1 events):
Event: 2.352 Thread 0x000000000215d000 Uncommon trap: reason=unstable_if action=reinterpret pc=0x00000000028d968c method=java.lang.String.hashCode()I @ 14

Internal exceptions (9 events):
Event: 0.272 Thread 0x000000000215d000 Exception <a 'java/lang/NoSuchMethodError': Method sun.misc.Unsafe.defineClass(Ljava/lang/String;[BII)Ljava/lang/Class; name or signature does not match> (0x00000000ebb92790) thrown at [C:\re\workspace\8-2-build-windows-amd64-cygwin\jdk8u45\3627\hotspot\srÚçø»l—?
Event: 0.272 Thread 0x000000000215d000 Exception <a 'java/lang/NoSuchMethodError': Method sun.misc.Unsafe.prefetchRead(Ljava/lang/Object;J)V name or signature does not match> (0x00000000ebb92a20) thrown at [C:\re\workspace\8-2-build-windows-amd64-cygwin\jdk8u45\3627\hotspot\src\share\vm\prims\jVπ{ıø@
Event: 2.594 Thread 0x000000000215d000 Exception <a 'java/security/PrivilegedActionException'> (0x00000000ebe490f0) thrown at [C:\re\workspace\8-2-build-windows-amd64-cygwin\jdk8u45\3627\hotspot\src\share\vm\prims\jvm.cpp, line 1382]
Event: 2.594 Thread 0x000000000215d000 Exception <a 'java/security/PrivilegedActionException'> (0x00000000ebe492a8) thrown at [C:\re\workspace\8-2-build-windows-amd64-cygwin\jdk8u45\3627\hotspot\src\share\vm\prims\jvm.cpp, line 1382]
Event: 2.595 Thread 0x000000000215d000 Exception <a 'java/security/PrivilegedActionException'> (0x00000000ebe4d040) thrown at [C:\re\workspace\8-2-build-windows-amd64-cygwin\jdk8u45\3627\hotspot\src\share\vm\prims\jvm.cpp, line 1382]
Event: 2.595 Thread 0x000000000215d000 Exception <a 'java/security/PrivilegedActionException'> (0x00000000ebe4d1f8) thrown at [C:\re\workspace\8-2-build-windows-amd64-cygwin\jdk8u45\3627\hotspot\src\share\vm\prims\jvm.cpp, line 1382]
Event: 2.685 Thread 0x000000000215d000 Exception <a 'java/io/FileNotFoundException'> (0x00000000ec03a668) thrown at [C:\re\workspace\8-2-build-windows-amd64-cygwin\jdk8u45\3627\hotspot\src\share\vm\prims\jni.cpp, line 709]
Event: 63.366 Thread 0x000000000215d000 Exception <a 'java/lang/NoSuchFieldError': method resolution failed> (0x00000000ec2304d8) thrown at [C:\re\workspace\8-2-build-windows-amd64-cygwin\jdk8u45\3627\hotspot\src\share\vm\prims\methodHandles.cpp, line 1125]
Event: 63.439 Thread 0x000000000215d000 Exception <a 'java/lang/NoSuchFieldError': method resolution failed> (0x00000000ec23eb48) thrown at [C:\re\workspace\8-2-build-windows-amd64-cygwin\jdk8u45\3627\hotspot\src\share\vm\prims\methodHandles.cpp, line 1125]

Events (10 events):
Event: 478.061 Executing VM operation: GetCurrentLocation
Event: 478.061 Executing VM operation: GetCurrentLocation done
Event: 478.061 Executing VM operation: EnterInterpOnlyMode
Event: 478.061 Executing VM operation: EnterInterpOnlyMode done
Event: 478.061 Executing VM operation: ChangeSingleStep
Event: 478.061 Executing VM operation: ChangeSingleStep done
Event: 478.061 Executing VM operation: ChangeSingleStep
Event: 478.061 Executing VM operation: ChangeSingleStep done
Event: 478.480 Executing VM operation: RedefineClasses
Event: 478.498 Executing VM operation: RedefineClasses done


Dynamic libraries:
0x000000013f4a0000 - 0x000000013f4d7000 	D:\Program Files\Java\jdk1.8.0_45\bin\javaw.exe
0x00000000775e0000 - 0x000000007777f000 	C:\windows\SYSTEM32\ntdll.dll
0x000007fef11d0000 - 0x000007fef1204000 	C:\Program Files\AVAST Software\Avast\x64\aswhooka.dll
0x00000000773c0000 - 0x00000000774df000 	C:\windows\system32\kernel32.dll
0x000007fefd480000 - 0x000007fefd4ea000 	C:\windows\system32\KERNELBASE.dll
0x000007fefe280000 - 0x000007fefe35b000 	C:\windows\system32\ADVAPI32.dll
0x000007fefe020000 - 0x000007fefe0bf000 	C:\windows\system32\msvcrt.dll
0x000007feff560000 - 0x000007feff57f000 	C:\windows\SYSTEM32\sechost.dll
0x000007feff430000 - 0x000007feff55d000 	C:\windows\system32\RPCRT4.dll
0x00000000774e0000 - 0x00000000775da000 	C:\windows\system32\USER32.dll
0x000007fefd9a0000 - 0x000007fefda07000 	C:\windows\system32\GDI32.dll
0x000007fefe0f0000 - 0x000007fefe0fe000 	C:\windows\system32\LPK.dll
0x000007feff1a0000 - 0x000007feff26b000 	C:\windows\system32\USP10.dll
0x000007fefb800000 - 0x000007fefb9f4000 	C:\windows\WinSxS\amd64_microsoft.windows.common-controls_6595b64144ccf1df_6.0.7601.18837_none_fa3b1e3d17594757\COMCTL32.dll
0x000007feff580000 - 0x000007feff5f1000 	C:\windows\system32\SHLWAPI.dll
0x000007fefe0c0000 - 0x000007fefe0ee000 	C:\windows\system32\IMM32.DLL
0x000007feff270000 - 0x000007feff379000 	C:\windows\system32\MSCTF.dll
0x0000000069500000 - 0x00000000695d2000 	D:\Program Files\Java\jdk1.8.0_45\jre\bin\msvcr100.dll
0x000000005b250000 - 0x000000005bad3000 	D:\Program Files\Java\jdk1.8.0_45\jre\bin\server\jvm.dll
0x000007fef90e0000 - 0x000007fef90e9000 	C:\windows\system32\WSOCK32.dll
0x000007feff380000 - 0x000007feff3cd000 	C:\windows\system32\WS2_32.dll
0x000007feff190000 - 0x000007feff198000 	C:\windows\system32\NSI.dll
0x000007fefb090000 - 0x000007fefb0cb000 	C:\windows\system32\WINMM.dll
0x000007fefc390000 - 0x000007fefc39c000 	C:\windows\system32\VERSION.dll
0x0000000077780000 - 0x0000000077787000 	C:\windows\system32\PSAPI.DLL
0x000000006f730000 - 0x000000006f73f000 	D:\Program Files\Java\jdk1.8.0_45\jre\bin\verify.dll
0x000000006f530000 - 0x000000006f559000 	D:\Program Files\Java\jdk1.8.0_45\jre\bin\java.dll
0x000000006daa0000 - 0x000000006dad5000 	D:\Program Files\Java\jdk1.8.0_45\jre\bin\jdwp.dll
0x000000006f340000 - 0x000000006f348000 	D:\Program Files\Java\jdk1.8.0_45\jre\bin\npt.dll
0x000000006f510000 - 0x000000006f526000 	D:\Program Files\Java\jdk1.8.0_45\jre\bin\zip.dll
0x000007fefe360000 - 0x000007feff0eb000 	C:\windows\system32\SHELL32.dll
0x000007fefde20000 - 0x000007fefe01d000 	C:\windows\system32\ole32.dll
0x000007fefd2c0000 - 0x000007fefd2cf000 	C:\windows\system32\profapi.dll
0x000000006d940000 - 0x000000006d949000 	D:\Program Files\Java\jdk1.8.0_45\jre\bin\dt_socket.dll
0x000007fefb2c0000 - 0x000007fefb2d5000 	C:\windows\system32\NLAapi.dll
0x000007fef8fc0000 - 0x000007fef8fd5000 	C:\windows\system32\napinsp.dll
0x000007fef8d70000 - 0x000007fef8d89000 	C:\windows\system32\pnrpnsp.dll
0x000007fef8960000 - 0x000007fef8970000 	C:\windows\system32\wshbth.dll
0x000007fefca80000 - 0x000007fefcad5000 	C:\windows\System32\mswsock.dll
0x000007fefc900000 - 0x000007fefc95b000 	C:\windows\system32\DNSAPI.dll
0x000007fef8950000 - 0x000007fef895b000 	C:\windows\System32\winrnr.dll
0x000007fefafb0000 - 0x000007fefafd7000 	C:\windows\system32\IPHLPAPI.DLL
0x000007fefaec0000 - 0x000007fefaecb000 	C:\windows\system32\WINNSI.DLL
0x000007fefa7d0000 - 0x000007fefa823000 	C:\windows\System32\fwpuclnt.dll
0x000007fef8940000 - 0x000007fef8948000 	C:\windows\system32\rasadhlp.dll
0x000007fefc460000 - 0x000007fefc467000 	C:\windows\System32\wshtcpip.dll
0x000007fefbea0000 - 0x000007fefbfc5000 	C:\windows\system32\dbghelp.dll

VM Arguments:
jvm_args: -agentlib:jdwp=transport=dt_socket,suspend=y,address=localhost:58289 -Dfile.encoding=UTF-8 
java_command: com.websecure.util.SeatLayoutHelper
java_class_path (initial): D:\Workspace\NeonM7\ticketbooking\target\classes;C:\Users\DELL\.m2\repository\javax\servlet\jstl\1.2\jstl-1.2.jar;C:\Users\DELL\.m2\repository\org\apache\tomcat\embed\tomcat-embed-jasper\8.5.11\tomcat-embed-jasper-8.5.11.jar;C:\Users\DELL\.m2\repository\org\apache\tomcat\embed\tomcat-embed-core\8.5.11\tomcat-embed-core-8.5.11.jar;C:\Users\DELL\.m2\repository\org\apache\tomcat\embed\tomcat-embed-el\8.5.11\tomcat-embed-el-8.5.11.jar;C:\Users\DELL\.m2\repository\org\eclipse\jdt\core\compiler\ecj\4.5.1\ecj-4.5.1.jar;C:\Users\DELL\.m2\repository\org\springframework\boot\spring-boot-starter-data-jpa\1.5.2.RELEASE\spring-boot-starter-data-jpa-1.5.2.RELEASE.jar;C:\Users\DELL\.m2\repository\org\springframework\boot\spring-boot-starter\1.5.2.RELEASE\spring-boot-starter-1.5.2.RELEASE.jar;C:\Users\DELL\.m2\repository\org\springframework\boot\spring-boot-starter-logging\1.5.2.RELEASE\spring-boot-starter-logging-1.5.2.RELEASE.jar;C:\Users\DELL\.m2\repository\ch\qos\logback\logback-classic\1.1.11\logback-classic-1.1.11.jar;C:\Users\DELL\.m2\repository\ch\qos\logback\logback-core\1.1.11\logback-core-1.1.11.jar;C:\Users\DELL\.m2\repository\org\slf4j\log4j-over-slf4j\1.7.24\log4j-over-slf4j-1.7.24.jar;C:\Users\DELL\.m2\repository\org\yaml\snakeyaml\1.17\snakeyaml-1.17.jar;C:\Users\DELL\.m2\repository\org\springframework\boot\spring-boot-starter-aop\1.5.2.RELEASE\spring-boot-starter-aop-1.5.2.RELEASE.jar;C:\Users\DELL\.m2\repository\org\aspectj\aspectjweaver\1.8.9\aspectjweaver-1.8.9.jar;C:\Users\DELL\.m2\repository\org\springframework\boot\spring-boot-starter-jdbc\1.5.2.RELEASE\spring-boot-starter-jdbc-1.5.2.RELEASE.jar;C:\Users\DELL\.m2\repository\org\apache\tomcat\tomcat-jdbc\8.5.11\tomcat-jdbc-8.5.11.jar;C:\Users\DELL\.m2\repository\org\apache\tomcat\tomcat-juli\8.5.11\tomcat-juli-8.5.11.jar;C:\Users\DELL\.m2\repository\org\springframework\spring-jdbc\4.3.7.RELEASE\spring-jdbc-4.3.7.RELEASE.jar;C:\Users\DELL\.m2\repository\org\hibernate\hibernate-core\
Launcher Type: SUN_STANDARD

Environment Variables:
JAVA_HOME=D:\Program Files\Java\jdk1.8.0_45
USERNAME=DELL
OS=Windows_NT
PROCESSOR_IDENTIFIER=Intel64 Family 6 Model 37 Stepping 5, GenuineIntel



---------------  S Y S T E M  ---------------

OS: Windows 7 , 64 bit Build 7601 (6.1.7601.24117)

CPU:total 4 (2 cores per cpu, 2 threads per core) family 6 model 37 stepping 5, cmov, cx8, fxsr, mmx, sse, sse2, sse3, ssse3, sse4.1, sse4.2, popcnt, ht, tsc, tscinvbit

Memory: 4k page, physical 3988160k(575236k free), swap 7974444k(1914608k free)

vm_info: Java HotSpot(TM) 64-Bit Server VM (25.45-b02) for windows-amd64 JRE (1.8.0_45-b15), built on Apr 30 2015 12:40:44 by "java_re" with MS VC++ 10.0 (VS2010)

time: Tue Sep 11 17:06:43 2018
elapsed time: 479 seconds (0d 0h 7m 59s)

